<?xml version="1.0" encoding="utf-8" standalone="no"?>
<!--This file represents the results of running a test suite-->
<test-results name="C:\Users\pbazan\AppData\Local\Temporary Projects\ClassLibrary1\bin\Debug\TestUnits.dll" total="1" errors="0" failures="0" not-run="0" inconclusive="0" ignored="0" skipped="0" invalid="0" date="2011-12-21" time="08:59:57">
  <environment nunit-version="2.5.10.11092" clr-version="2.0.50727.4963" os-version="Microsoft Windows NT 6.1.7600.0" platform="Win32NT" cwd="C:\Program Files (x86)\NUnit 2.5.10\bin\net-2.0" machine-name="ABP-PC-002" user="pbazan" user-domain="ABPRO" />
  <culture-info current-culture="es-MX" current-uiculture="es-ES" />
  <test-suite type="Assembly" name="C:\Users\pbazan\AppData\Local\Temporary Projects\ClassLibrary1\bin\Debug\TestUnits.dll" executed="True" result="Success" success="True" time="0.085" asserts="0">
    <results>
      <test-suite type="Namespace" name="UnitTests" executed="True" result="Success" success="True" time="0.067" asserts="0">
        <results>
          <test-suite type="TestFixture" name="CalculatorTests" executed="True" result="Success" success="True" time="0.065" asserts="0">
            <results>
              <test-case name="UnitTests.CalculatorTests.Add" executed="True" result="Success" success="True" time="0.041" asserts="1" />
            </results>
          </test-suite>
        </results>
      </test-suite>
    </results>
  </test-suite>
</test-results>